[2020-08-26 12:15:04] Текст ошибки:Class 'shop\Exception' not found | Файл:D:\OpenServer\domains\shop.loc\vendor\shop\core\Db.php | Строка:20
===============================
[2020-08-26 12:16:09] Текст ошибки:Class 'shop\Exception' not found | Файл:D:\OpenServer\domains\shop.loc\vendor\shop\core\Db.php | Строка:20
===============================
[2020-08-26 12:17:28] Текст ошибки:Class 'shop\Exception' not found | Файл:D:\OpenServer\domains\shop.loc\vendor\shop\core\Db.php | Строка:20
===============================
[2020-08-26 12:18:22] Текст ошибки:Class 'shop\Exception' not found | Файл:D:\OpenServer\domains\shop.loc\vendor\shop\core\Db.php | Строка:20
===============================
[2020-08-26 12:20:05] Текст ошибки:Нет соединения с БД | Файл:D:\OpenServer\domains\shop.loc\vendor\shop\core\Db.php | Строка:20
===============================

[2020-08-28 20:07:04] Текст ошибки:Страница не найдена | Файл:D:\OpenServer\domains\shop.loc\vendor\shop\core\Router.php | Строка:46
===============================
[2020-08-28 20:18:51] Текст ошибки:Страница не найдена | Файл:D:\OpenServer\domains\shop.loc\vendor\shop\core\Router.php | Строка:46
===============================
[2020-08-28 20:18:51] Текст ошибки:Страница не найдена | Файл:D:\OpenServer\domains\shop.loc\vendor\shop\core\Router.php | Строка:46
===============================
[2020-08-28 20:18:51] Текст ошибки:Страница не найдена | Файл:D:\OpenServer\domains\shop.loc\vendor\shop\core\Router.php | Строка:46
===============================
[2020-08-28 20:18:51] Текст ошибки:Страница не найдена | Файл:D:\OpenServer\domains\shop.loc\vendor\shop\core\Router.php | Строка:46
===============================
[2020-08-28 20:18:51] Текст ошибки:Страница не найдена | Файл:D:\OpenServer\domains\shop.loc\vendor\shop\core\Router.php | Строка:46
===============================
[2020-08-28 20:18:51] Текст ошибки:Страница не найдена | Файл:D:\OpenServer\domains\shop.loc\vendor\shop\core\Router.php | Строка:46
===============================
[2020-08-28 20:18:51] Текст ошибки:Страница не найдена | Файл:D:\OpenServer\domains\shop.loc\vendor\shop\core\Router.php | Строка:46
===============================
[2020-08-28 20:18:51] Текст ошибки:Страница не найдена | Файл:D:\OpenServer\domains\shop.loc\vendor\shop\core\Router.php | Строка:46
===============================
[2020-08-28 20:18:51] Текст ошибки:Страница не найдена | Файл:D:\OpenServer\domains\shop.loc\vendor\shop\core\Router.php | Строка:46
===============================
[2020-08-28 20:18:51] Текст ошибки:Страница не найдена | Файл:D:\OpenServer\domains\shop.loc\vendor\shop\core\Router.php | Строка:46
===============================
[2020-08-28 20:18:51] Текст ошибки:Страница не найдена | Файл:D:\OpenServer\domains\shop.loc\vendor\shop\core\Router.php | Строка:46
===============================
[2020-08-28 20:18:51] Текст ошибки:Страница не найдена | Файл:D:\OpenServer\domains\shop.loc\vendor\shop\core\Router.php | Строка:46
===============================
[2020-08-28 20:18:51] Текст ошибки:Страница не найдена | Файл:D:\OpenServer\domains\shop.loc\vendor\shop\core\Router.php | Строка:46
===============================
[2020-08-28 20:18:51] Текст ошибки:Страница не найдена | Файл:D:\OpenServer\domains\shop.loc\vendor\shop\core\Router.php | Строка:46
===============================
[2020-08-28 20:18:51] Текст ошибки:Страница не найдена | Файл:D:\OpenServer\domains\shop.loc\vendor\shop\core\Router.php | Строка:46
===============================
[2020-08-28 20:18:51] Текст ошибки:Страница не найдена | Файл:D:\OpenServer\domains\shop.loc\vendor\shop\core\Router.php | Строка:46
===============================
[2020-08-28 20:18:51] Текст ошибки:Страница не найдена | Файл:D:\OpenServer\domains\shop.loc\vendor\shop\core\Router.php | Строка:46
===============================
[2020-08-28 20:18:51] Текст ошибки:Страница не найдена | Файл:D:\OpenServer\domains\shop.loc\vendor\shop\core\Router.php | Строка:46
===============================
[2020-08-28 20:18:51] Текст ошибки:Страница не найдена | Файл:D:\OpenServer\domains\shop.loc\vendor\shop\core\Router.php | Строка:46
===============================
[2020-08-28 20:18:51] Текст ошибки:Страница не найдена | Файл:D:\OpenServer\domains\shop.loc\vendor\shop\core\Router.php | Строка:46
===============================
[2020-08-28 20:18:51] Текст ошибки:Страница не найдена | Файл:D:\OpenServer\domains\shop.loc\vendor\shop\core\Router.php | Строка:46
===============================
[2020-08-28 20:18:51] Текст ошибки:Страница не найдена | Файл:D:\OpenServer\domains\shop.loc\vendor\shop\core\Router.php | Строка:46
===============================
[2020-08-28 20:18:51] Текст ошибки:Страница не найдена | Файл:D:\OpenServer\domains\shop.loc\vendor\shop\core\Router.php | Строка:46
===============================
[2020-08-28 20:18:51] Текст ошибки:Страница не найдена | Файл:D:\OpenServer\domains\shop.loc\vendor\shop\core\Router.php | Строка:46
===============================
[2020-08-28 20:18:51] Текст ошибки:Страница не найдена | Файл:D:\OpenServer\domains\shop.loc\vendor\shop\core\Router.php | Строка:46
===============================
[2020-08-28 20:18:51] Текст ошибки:Страница не найдена | Файл:D:\OpenServer\domains\shop.loc\vendor\shop\core\Router.php | Строка:46
===============================
[2020-08-28 20:22:51] Текст ошибки:Страница не найдена | Файл:D:\OpenServer\domains\shop.loc\vendor\shop\core\Router.php | Строка:46
===============================
[2020-08-28 20:32:05] Текст ошибки:Страница не найдена | Файл:D:\OpenServer\domains\shop.loc\vendor\shop\core\Router.php | Строка:46
===============================
[2020-09-01 18:18:33] Текст ошибки:Страница не найдена | Файл:D:\OpenServer\domains\shop.loc\vendor\shop\core\Router.php | Строка:46
===============================
[2020-09-01 19:42:49] Текст ошибки:Страница не найдена | Файл:D:\OpenServer\domains\shop.loc\vendor\shop\core\Router.php | Строка:46
===============================
[2020-09-01 19:43:32] Текст ошибки:Страница не найдена | Файл:D:\OpenServer\domains\shop.loc\vendor\shop\core\Router.php | Строка:46
===============================
[2020-09-01 20:08:17] Текст ошибки:Class 'widgets\currency\Currency' not found | Файл:D:\OpenServer\domains\shop.loc\app\controllers\AppController.php | Строка:17
===============================
[2020-09-01 20:10:53] Текст ошибки:Class 'widgets\currency\Currency' not found | Файл:D:\OpenServer\domains\shop.loc\app\controllers\AppController.php | Строка:17
===============================
[2020-09-01 20:10:54] Текст ошибки:Class 'widgets\currency\Currency' not found | Файл:D:\OpenServer\domains\shop.loc\app\controllers\AppController.php | Строка:17
===============================
[2020-09-01 20:14:56] Текст ошибки:Class 'widgets\currency\Currency' not found | Файл:D:\OpenServer\domains\shop.loc\app\controllers\AppController.php | Строка:17
===============================
[2020-09-01 20:14:57] Текст ошибки:Class 'widgets\currency\Currency' not found | Файл:D:\OpenServer\domains\shop.loc\app\controllers\AppController.php | Строка:17
===============================
[2020-09-01 20:15:00] Текст ошибки:Class 'widgets\currency\Currency' not found | Файл:D:\OpenServer\domains\shop.loc\app\controllers\AppController.php | Строка:17
===============================
[2020-09-01 20:19:21] Текст ошибки:Class 'widgets\currency\Currency' not found | Файл:D:\OpenServer\domains\shop.loc\app\controllers\AppController.php | Строка:17
===============================
[2020-09-03 07:42:26] Текст ошибки:Страница не найдена | Файл:D:\OpenServer\domains\shop.loc\vendor\shop\core\Router.php | Строка:46
===============================
[2020-09-03 09:38:53] Текст ошибки:Too few arguments to function widgets\menu\Menu::getMenuHtml(), 1 passed in D:\OpenServer\domains\shop.loc\widgets\menu\Menu.php on line 37 and exactly 2 expected | Файл:D:\OpenServer\domains\shop.loc\widgets\menu\Menu.php | Строка:46
===============================
[2020-09-03 09:40:27] Текст ошибки:Страница не найдена | Файл:D:\OpenServer\domains\shop.loc\vendor\shop\core\Router.php | Строка:46
===============================
[2020-09-03 09:40:59] Текст ошибки:Контроллер app\controllers\CategoryController не найден | Файл:D:\OpenServer\domains\shop.loc\vendor\shop\core\Router.php | Строка:43
===============================
[2020-09-03 09:54:04] Текст ошибки:Страница не найдена | Файл:D:\OpenServer\domains\shop.loc\vendor\shop\core\Router.php | Строка:46
===============================
[2020-09-03 10:25:09] Текст ошибки:Страница не найдена | Файл:D:\OpenServer\domains\shop.loc\vendor\shop\core\Router.php | Строка:46
===============================
[2020-09-03 11:15:17] Текст ошибки:Страница не найдена | Файл:D:\OpenServer\domains\shop.loc\vendor\shop\core\Router.php | Строка:46
===============================
[2020-09-03 16:47:33] Текст ошибки:Контроллер app\controllers\CategoryController не найден | Файл:D:\OpenServer\domains\shop.loc\vendor\shop\core\Router.php | Строка:43
===============================
[2020-09-03 16:49:38] Текст ошибки:Контроллер app\controllers\CategoryController не найден | Файл:D:\OpenServer\domains\shop.loc\vendor\shop\core\Router.php | Строка:43
===============================
[2020-09-03 17:06:02] Текст ошибки:Страница не найдена | Файл:D:\OpenServer\domains\shop.loc\vendor\shop\core\Router.php | Строка:46
===============================
[2020-09-03 17:06:28] Текст ошибки:Страница не найдена | Файл:D:\OpenServer\domains\shop.loc\vendor\shop\core\Router.php | Строка:46
===============================
[2020-09-03 17:14:58] Текст ошибки:Контроллер app\controllers\ProductController не найден | Файл:D:\OpenServer\domains\shop.loc\vendor\shop\core\Router.php | Строка:43
===============================
[2020-09-03 17:17:26] Текст ошибки:Контроллер app\controllers\ProductController не найден | Файл:D:\OpenServer\domains\shop.loc\vendor\shop\core\Router.php | Строка:43
===============================
[2020-09-03 17:19:07] Текст ошибки:Контроллер app\controllers\ProductController не найден | Файл:D:\OpenServer\domains\shop.loc\vendor\shop\core\Router.php | Строка:43
===============================
[2020-09-03 17:23:39] Текст ошибки:Страница не найдена | Файл:D:\OpenServer\domains\shop.loc\vendor\shop\core\Router.php | Строка:46
===============================
[2020-09-03 17:23:39] Текст ошибки:Страница не найдена | Файл:D:\OpenServer\domains\shop.loc\vendor\shop\core\Router.php | Строка:46
===============================
[2020-09-03 17:23:39] Текст ошибки:Страница не найдена | Файл:D:\OpenServer\domains\shop.loc\vendor\shop\core\Router.php | Строка:46
===============================
[2020-09-03 17:23:39] Текст ошибки:Страница не найдена | Файл:D:\OpenServer\domains\shop.loc\vendor\shop\core\Router.php | Строка:46
===============================
[2020-09-03 17:23:39] Текст ошибки:Страница не найдена | Файл:D:\OpenServer\domains\shop.loc\vendor\shop\core\Router.php | Строка:46
===============================
[2020-09-03 17:23:39] Текст ошибки:Страница не найдена | Файл:D:\OpenServer\domains\shop.loc\vendor\shop\core\Router.php | Строка:46
===============================
[2020-09-03 17:23:39] Текст ошибки:Страница не найдена | Файл:D:\OpenServer\domains\shop.loc\vendor\shop\core\Router.php | Строка:46
===============================
[2020-09-03 17:23:39] Текст ошибки:Страница не найдена | Файл:D:\OpenServer\domains\shop.loc\vendor\shop\core\Router.php | Строка:46
===============================
[2020-09-03 17:23:39] Текст ошибки:Страница не найдена | Файл:D:\OpenServer\domains\shop.loc\vendor\shop\core\Router.php | Строка:46
===============================
[2020-09-03 17:23:39] Текст ошибки:Страница не найдена | Файл:D:\OpenServer\domains\shop.loc\vendor\shop\core\Router.php | Строка:46
===============================
[2020-09-03 17:23:39] Текст ошибки:Страница не найдена | Файл:D:\OpenServer\domains\shop.loc\vendor\shop\core\Router.php | Строка:46
===============================
[2020-09-03 17:23:39] Текст ошибки:Страница не найдена | Файл:D:\OpenServer\domains\shop.loc\vendor\shop\core\Router.php | Строка:46
===============================
[2020-09-03 17:23:39] Текст ошибки:Страница не найдена | Файл:D:\OpenServer\domains\shop.loc\vendor\shop\core\Router.php | Строка:46
===============================
[2020-09-03 17:23:39] Текст ошибки:Страница не найдена | Файл:D:\OpenServer\domains\shop.loc\vendor\shop\core\Router.php | Строка:46
===============================
[2020-09-03 17:23:39] Текст ошибки:Страница не найдена | Файл:D:\OpenServer\domains\shop.loc\vendor\shop\core\Router.php | Строка:46
===============================
[2020-09-03 17:23:39] Текст ошибки:Страница не найдена | Файл:D:\OpenServer\domains\shop.loc\vendor\shop\core\Router.php | Строка:46
===============================
[2020-09-03 17:23:39] Текст ошибки:Страница не найдена | Файл:D:\OpenServer\domains\shop.loc\vendor\shop\core\Router.php | Строка:46
===============================
[2020-09-03 17:23:39] Текст ошибки:Страница не найдена | Файл:D:\OpenServer\domains\shop.loc\vendor\shop\core\Router.php | Строка:46
===============================
[2020-09-03 17:23:39] Текст ошибки:Страница не найдена | Файл:D:\OpenServer\domains\shop.loc\vendor\shop\core\Router.php | Строка:46
===============================
[2020-09-03 17:23:39] Текст ошибки:Страница не найдена | Файл:D:\OpenServer\domains\shop.loc\vendor\shop\core\Router.php | Строка:46
===============================
[2020-09-03 17:24:54] Текст ошибки:Страница не найдена | Файл:D:\OpenServer\domains\shop.loc\vendor\shop\core\Router.php | Строка:46
===============================
[2020-09-03 17:26:16] Текст ошибки:Страница не найдена | Файл:D:\OpenServer\domains\shop.loc\vendor\shop\core\Router.php | Строка:46
===============================
[2020-09-03 17:26:32] Текст ошибки:Страница не найдена | Файл:D:\OpenServer\domains\shop.loc\vendor\shop\core\Router.php | Строка:46
===============================
[2020-09-03 17:26:47] Текст ошибки:Страница не найдена | Файл:D:\OpenServer\domains\shop.loc\vendor\shop\core\Router.php | Строка:46
===============================
[2020-09-03 17:26:49] Текст ошибки:Страница не найдена | Файл:D:\OpenServer\domains\shop.loc\vendor\shop\core\Router.php | Строка:46
===============================
[2020-09-03 17:26:52] Текст ошибки:Страница не найдена | Файл:D:\OpenServer\domains\shop.loc\vendor\shop\core\Router.php | Строка:46
===============================
[2020-09-03 17:26:52] Текст ошибки:Страница не найдена | Файл:D:\OpenServer\domains\shop.loc\vendor\shop\core\Router.php | Строка:46
===============================
[2020-09-03 17:50:57] Текст ошибки:Class 'app\controllers\Exception' not found | Файл:D:\OpenServer\domains\shop.loc\app\controllers\ProductController.php | Строка:10
===============================
[2020-09-03 17:51:14] Текст ошибки:Продукт casio-mq-24-7bul1 не найден в БД | Файл:D:\OpenServer\domains\shop.loc\app\controllers\ProductController.php | Строка:10
===============================
[2020-09-03 17:51:23] Текст ошибки:Продукт casio-mq-24-7bu не найден в БД | Файл:D:\OpenServer\domains\shop.loc\app\controllers\ProductController.php | Строка:10
===============================
[2020-09-03 17:51:26] Текст ошибки:Продукт casio-mq-24-7bu не найден в БД | Файл:D:\OpenServer\domains\shop.loc\app\controllers\ProductController.php | Строка:10
===============================
[2020-09-03 17:51:29] Текст ошибки:Продукт casio-mq-24-7bul1 не найден в БД | Файл:D:\OpenServer\domains\shop.loc\app\controllers\ProductController.php | Строка:10
===============================
[2020-09-03 19:13:15] Текст ошибки:Контроллер app\controllers\CategoryController не найден | Файл:D:\OpenServer\domains\shop.loc\vendor\shop\core\Router.php | Строка:43
===============================
